#
# There is insufficient memory for the Java Runtime Environment to continue.
# Native memory allocation (mmap) failed to map 532676608 bytes for G1 virtual space
# Possible reasons:
#   The system is out of physical RAM or swap space
#   The process is running with CompressedOops enabled, and the Java Heap may be blocking the growth of the native heap
# Possible solutions:
#   Reduce memory load on the system
#   Increase physical memory or swap space
#   Check if swap backing store is full
#   Decrease Java heap size (-Xmx/-Xms)
#   Decrease number of Java threads
#   Decrease Java thread stack sizes (-Xss)
#   Set larger code cache with -XX:ReservedCodeCacheSize=
#   JVM is running with Zero Based Compressed Oops mode in which the Java heap is
#     placed in the first 32GB address space. The Java Heap base address is the
#     maximum limit for the native heap growth. Please use -XX:HeapBaseMinAddress
#     to set the Java Heap base and to place the Java Heap above 32GB virtual address.
# This output file may be truncated or incomplete.
#
#  Out of Memory Error (./open/src/hotspot/os/windows/os_windows.cpp:3321), pid=64468, tid=49324
#
# JRE version:  (15.0.2+7) (build )
# Java VM: OpenJDK 64-Bit Server VM (15.0.2+7-27, mixed mode, sharing, tiered, compressed oops, g1 gc, windows-amd64)
# No core dump will be written. Minidumps are not enabled by default on client versions of Windows
#

---------------  S U M M A R Y ------------

Command Line: -Dfile.encoding=UTF-8 -XX:+ShowCodeDetailsInExceptionMessages BaekJoon.BaekJoon_2217

Host: Intel(R) Core(TM) i7-10850H CPU @ 2.70GHz, 12 cores, 31G,  Windows 10 , 64 bit Build 19041 (10.0.19041.3155)
Time: Wed Sep  6 17:21:08 2023 대한민국 표준시 elapsed time: 0.054016 seconds (0d 0h 0m 0s)

---------------  T H R E A D  ---------------

Current thread (0x0000017eef58fb00):  JavaThread "Unknown thread" [_thread_in_vm, id=49324, stack(0x0000006c07100000,0x0000006c07200000)]

Stack: [0x0000006c07100000,0x0000006c07200000]
Native frames: (J=compiled Java code, j=interpreted, Vv=VM code, C=native code)
V  [jvm.dll+0x62ae9a]
V  [jvm.dll+0x7817a9]
V  [jvm.dll+0x782f03]
V  [jvm.dll+0x783563]
V  [jvm.dll+0x216325]
V  [jvm.dll+0x6281d9]
V  [jvm.dll+0x61cf55]
V  [jvm.dll+0x2cffdd]
V  [jvm.dll+0x2cfe42]
V  [jvm.dll+0x2d5e1c]
V  [jvm.dll+0x32590a]
V  [jvm.dll+0x324fd4]
V  [jvm.dll+0x2a6f5a]
V  [jvm.dll+0x2a80f8]
V  [jvm.dll+0x75e241]
V  [jvm.dll+0x3341c4]
V  [jvm.dll+0x73e926]
V  [jvm.dll+0x3b7557]
V  [jvm.dll+0x3b8fe1]
C  [jli.dll+0x52fb]
C  [ucrtbase.dll+0x21bb2]
C  [KERNEL32.DLL+0x17614]
C  [ntdll.dll+0x526b1]


---------------  P R O C E S S  ---------------

Threads class SMR info:
_java_thread_list=0x00007ff824764ff0, length=0, elements={
}

Java Threads: ( => current thread )

Other Threads:
  0x0000017eef605db0 GCTaskThread "GC Thread#0" [stack: 0x0000006c07200000,0x0000006c07300000] [id=56756]
  0x0000017eef618b30 ConcurrentGCThread "G1 Main Marker" [stack: 0x0000006c07300000,0x0000006c07400000] [id=12772]
  0x0000017eef619630 ConcurrentGCThread "G1 Conc#0" [stack: 0x0000006c07400000,0x0000006c07500000] [id=63348]

[error occurred during error reporting (printing all threads), id 0xc0000005, EXCEPTION_ACCESS_VIOLATION (0xc0000005) at pc=0x00007ff823f57e27]

VM state: not at safepoint (not fully initialized)

VM Mutex/Monitor currently owned by a thread:  ([mutex/lock_event])
[0x0000017eef58cc10] Heap_lock - owner thread: 0x0000017eef58fb00

Heap address: 0x0000000606000000, size: 8096 MB, Compressed Oops mode: Zero based, Oop shift amount: 3
CDS archive(s) mapped at: [0x0000000000000000-0x0000000000000000-0x0000000000000000), size 0, SharedBaseAddress: 0x0000000800000000, ArchiveRelocationMode: 0.
Narrow klass base: 0x0000000000000000, Narrow klass shift: 0, Narrow klass range: 0x0

Heap:
 garbage-first heap   total 520192K, used 0K [0x0000000606000000, 0x0000000800000000)
  region size 4096K, 0 young (0K), 0 survivors (0K)
 Metaspace       used 0K, capacity 0K, committed 0K, reserved 0K
  class space    used 0K, capacity 0K, committed 0K, reserved 0K

Heap Regions: E=young(eden), S=young(survivor), O=old, HS=humongous(starts), HC=humongous(continues), CS=collection set, F=free, OA=open archive, CA=closed archive, TAMS=top-at-mark-start (previous, next)

Card table byte_map: [0x0000017ef4480000,0x0000017ef5450000] _byte_map_base: 0x0000017ef1450000

Marking Bits (Prev, Next): (CMBitMap*) 0x0000017eef6084d0, (CMBitMap*) 0x0000017eef608510
 Prev Bits: [0x0000017ef6420000, 0x0000017efe2a0000)
 Next Bits: [0x0000017e8f000000, 0x0000017e96e80000)

GC Heap History (0 events):
No events

Deoptimization events (0 events):
No events

Classes unloaded (0 events):
No events

Classes redefined (0 events):
No events

Internal exceptions (0 events):
No events

Events (1 events):
Event: 0.043 Loaded shared library C:\Users\JEON_JAEHYUNG\.p2\pool\plugins\org.eclipse.justj.openjdk.hotspot.jre.full.win32.x86_64_15.0.2.v20210201-0955\jre\bin\java.dll


Dynamic libraries:
0x00007ff64cf90000 - 0x00007ff64cf9d000 	C:\Users\JEON_JAEHYUNG\.p2\pool\plugins\org.eclipse.justj.openjdk.hotspot.jre.full.win32.x86_64_15.0.2.v20210201-0955\jre\bin\javaw.exe
0x00007ff8acd10000 - 0x00007ff8acf08000 	C:\WINDOWS\SYSTEM32\ntdll.dll
0x00007ff8acc10000 - 0x00007ff8acccf000 	C:\WINDOWS\System32\KERNEL32.DLL
0x00007ff8aa3f0000 - 0x00007ff8aa6e6000 	C:\WINDOWS\System32\KERNELBASE.dll
0x00007ff8aaa10000 - 0x00007ff8aab10000 	C:\WINDOWS\System32\ucrtbase.dll
0x00007ff893130000 - 0x00007ff893148000 	C:\Users\JEON_JAEHYUNG\.p2\pool\plugins\org.eclipse.justj.openjdk.hotspot.jre.full.win32.x86_64_15.0.2.v20210201-0955\jre\bin\jli.dll
0x00007ff8aaff0000 - 0x00007ff8ab18d000 	C:\WINDOWS\System32\USER32.dll
0x00007ff8aa760000 - 0x00007ff8aa782000 	C:\WINDOWS\System32\win32u.dll
0x00007ff8acbd0000 - 0x00007ff8acbfc000 	C:\WINDOWS\System32\GDI32.dll
0x00007ff8aa790000 - 0x00007ff8aa8a5000 	C:\WINDOWS\System32\gdi32full.dll
0x00007ff8aab10000 - 0x00007ff8aabad000 	C:\WINDOWS\System32\msvcp_win.dll
0x00007ff8a4280000 - 0x00007ff8a4299000 	C:\Users\JEON_JAEHYUNG\.p2\pool\plugins\org.eclipse.justj.openjdk.hotspot.jre.full.win32.x86_64_15.0.2.v20210201-0955\jre\bin\VCRUNTIME140.dll
0x00007ff890190000 - 0x00007ff89042a000 	C:\WINDOWS\WinSxS\amd64_microsoft.windows.common-controls_6595b64144ccf1df_6.0.19041.1110_none_60b5254171f9507e\COMCTL32.dll
0x00007ff8ac930000 - 0x00007ff8ac9ce000 	C:\WINDOWS\System32\msvcrt.dll
0x00007ff8ab2b0000 - 0x00007ff8ab2e0000 	C:\WINDOWS\System32\IMM32.DLL
0x00007ff890520000 - 0x00007ff8905bb000 	C:\Windows\incops3\esdcnl64.dll
0x00007ff8ac820000 - 0x00007ff8ac8cf000 	C:\WINDOWS\System32\ADVAPI32.dll
0x00007ff8ab1f0000 - 0x00007ff8ab28c000 	C:\WINDOWS\System32\sechost.dll
0x00007ff8aca30000 - 0x00007ff8acb56000 	C:\WINDOWS\System32\RPCRT4.dll
0x00007ff8a9580000 - 0x00007ff8a95b3000 	C:\WINDOWS\SYSTEM32\ntmarta.dll
0x00007ff899ce0000 - 0x00007ff899da9000 	C:\Windows\incops3\esatm64.dll
0x00007ff8abfb0000 - 0x00007ff8ac6f4000 	C:\WINDOWS\System32\SHELL32.dll
0x00007ff8abb70000 - 0x00007ff8abc9a000 	C:\WINDOWS\System32\ole32.dll
0x00007ff8ab750000 - 0x00007ff8abaa4000 	C:\WINDOWS\System32\combase.dll
0x00007ff899be0000 - 0x00007ff899cde000 	C:\Windows\incops3\esscnl64.dll
0x00007ff8a72e0000 - 0x00007ff8a72ec000 	C:\Users\JEON_JAEHYUNG\.p2\pool\plugins\org.eclipse.justj.openjdk.hotspot.jre.full.win32.x86_64_15.0.2.v20210201-0955\jre\bin\vcruntime140_1.dll
0x00007ff868830000 - 0x00007ff8688c1000 	C:\Users\JEON_JAEHYUNG\.p2\pool\plugins\org.eclipse.justj.openjdk.hotspot.jre.full.win32.x86_64_15.0.2.v20210201-0955\jre\bin\msvcp140.dll
0x00007ff823ca0000 - 0x00007ff8247fe000 	C:\Users\JEON_JAEHYUNG\.p2\pool\plugins\org.eclipse.justj.openjdk.hotspot.jre.full.win32.x86_64_15.0.2.v20210201-0955\jre\bin\server\jvm.dll
0x00007ff8abb60000 - 0x00007ff8abb68000 	C:\WINDOWS\System32\PSAPI.DLL
0x00007ff89a620000 - 0x00007ff89a629000 	C:\WINDOWS\SYSTEM32\WSOCK32.dll
0x00007ff8acb60000 - 0x00007ff8acbcb000 	C:\WINDOWS\System32\WS2_32.dll
0x00007ff890810000 - 0x00007ff890837000 	C:\WINDOWS\SYSTEM32\WINMM.dll
0x00007ff899080000 - 0x00007ff89908a000 	C:\WINDOWS\SYSTEM32\VERSION.dll
0x00007ff8a8a00000 - 0x00007ff8a8a12000 	C:\WINDOWS\SYSTEM32\kernel.appcore.dll
0x00007ff8a0470000 - 0x00007ff8a047a000 	C:\Users\JEON_JAEHYUNG\.p2\pool\plugins\org.eclipse.justj.openjdk.hotspot.jre.full.win32.x86_64_15.0.2.v20210201-0955\jre\bin\jimage.dll
0x00007ff8a8780000 - 0x00007ff8a8964000 	C:\WINDOWS\SYSTEM32\DBGHELP.DLL
0x00007ff887c80000 - 0x00007ff887cb4000 	C:\WINDOWS\SYSTEM32\dbgcore.DLL
0x00007ff8aace0000 - 0x00007ff8aad62000 	C:\WINDOWS\System32\bcryptPrimitives.dll
0x00007ff877940000 - 0x00007ff877965000 	C:\Users\JEON_JAEHYUNG\.p2\pool\plugins\org.eclipse.justj.openjdk.hotspot.jre.full.win32.x86_64_15.0.2.v20210201-0955\jre\bin\java.dll

dbghelp: loaded successfully - version: 4.0.5 - missing functions: none
symbol engine: initialized successfully - sym options: 0x614 - pdb path: .;C:\Users\JEON_JAEHYUNG\.p2\pool\plugins\org.eclipse.justj.openjdk.hotspot.jre.full.win32.x86_64_15.0.2.v20210201-0955\jre\bin;C:\WINDOWS\SYSTEM32;C:\WINDOWS\WinSxS\amd64_microsoft.windows.common-controls_6595b64144ccf1df_6.0.19041.1110_none_60b5254171f9507e;C:\Windows\incops3;C:\Users\JEON_JAEHYUNG\.p2\pool\plugins\org.eclipse.justj.openjdk.hotspot.jre.full.win32.x86_64_15.0.2.v20210201-0955\jre\bin\server

VM Arguments:
jvm_args: -Dfile.encoding=UTF-8 -XX:+ShowCodeDetailsInExceptionMessages 
java_command: BaekJoon.BaekJoon_2217
java_class_path (initial): D:\springmvc1-v2020-03-08\test\src\bin
Launcher Type: SUN_STANDARD

[Global flags]
     intx CICompilerCount                          = 4                                         {product} {ergonomic}
     uint ConcGCThreads                            = 3                                         {product} {ergonomic}
     uint G1ConcRefinementThreads                  = 10                                        {product} {ergonomic}
   size_t G1HeapRegionSize                         = 4194304                                   {product} {ergonomic}
    uintx GCDrainStackTargetSize                   = 64                                        {product} {ergonomic}
   size_t InitialHeapSize                          = 532676608                                 {product} {ergonomic}
   size_t MarkStackSize                            = 4194304                                   {product} {ergonomic}
   size_t MaxHeapSize                              = 8489271296                                {product} {ergonomic}
   size_t MinHeapDeltaBytes                        = 4194304                                   {product} {ergonomic}
   size_t MinHeapSize                              = 8388608                                   {product} {ergonomic}
    uintx NonNMethodCodeHeapSize                   = 5839372                                {pd product} {ergonomic}
    uintx NonProfiledCodeHeapSize                  = 122909434                              {pd product} {ergonomic}
    uintx ProfiledCodeHeapSize                     = 122909434                              {pd product} {ergonomic}
    uintx ReservedCodeCacheSize                    = 251658240                              {pd product} {ergonomic}
     bool SegmentedCodeCache                       = true                                      {product} {ergonomic}
     bool ShowCodeDetailsInExceptionMessages       = true                                   {manageable} {command line}
   size_t SoftMaxHeapSize                          = 8489271296                             {manageable} {ergonomic}
     bool UseCompressedClassPointers               = true                                 {lp64_product} {ergonomic}
     bool UseCompressedOops                        = true                                 {lp64_product} {ergonomic}
     bool UseG1GC                                  = true                                      {product} {ergonomic}
     bool UseLargePagesIndividualAllocation        = false                                  {pd product} {ergonomic}

Logging:
Log output configuration:
 #0: stdout all=warning uptime,level,tags
 #1: stderr all=off uptime,level,tags

Environment Variables:
PATH=C:/Users/JEON_JAEHYUNG/.p2/pool/plugins/org.eclipse.justj.openjdk.hotspot.jre.full.win32.x86_64_15.0.2.v20210201-0955/jre/bin/server;C:/Users/JEON_JAEHYUNG/.p2/pool/plugins/org.eclipse.justj.openjdk.hotspot.jre.full.win32.x86_64_15.0.2.v20210201-0955/jre/bin;C:\Windows\Softcamp\SDK;C:\Windows\Softcamp\SDS\x64;C:\Windows\Softcamp\SDS;d:\app\jeon_jaehyung\product\11.2.0\client_1;c:\program files (x86)\common files\oracle\java\javapath;d:\app\product\19.0.0\client_1\bin;d:\app\client\jeon_jaehyung\product\19.0.0\client_1\bin;C:\WINDOWS\system32;C:\WINDOWS;C:\WINDOWS\system32\wbem;C:\WINDOWS\system32\windowspowershell\v1.0\;C:\WINDOWS\system32\openssh\;c:\program files (x86)\putty\;c:\windows\softcamp\vsd;c:\windows\softcamp\vsd\x64;C:\Program Files (x86)\Pulse Secure\VC142.CRT\X64\;C:\Program Files (x86)\Pulse Secure\VC142.CRT\X86\;C:\Program Files\dotnet\;C:\Program Files\Git\cmd;C:\Program Files\nodejs\;C:\ProgramData\chocolatey\bin;C:\Users\JEON_JAEHYUNG\apache-ant-1.10.12\bin\;C:\WINDOWS\system32;C:\WINDOWS;C:\WINDOWS\System32\Wbem;C:\WINDOWS\System32\WindowsPowerShell\v1.0\;C:\WINDOWS\System32\OpenSSH\;C:\Users\JEON_JAEHYUNG\AppData\Local\Microsoft\WindowsApps;C:\Users\JEON_JAEHYUNG\AppData\Local\Programs\Microsoft VS Code\bin;C:\Program Files\Bandizip\;D:\SIVGIT_WORKSPACE\tools\apache-tomcat-8.5.58\bin;C:\Users\JEON_JAEHYUNG\AppData\Local\Programs\Fiddler;C:\Users\JEON_JAEHYUNG\AppData\Local\GitHubDesktop\bin;C:\Users\JEON_JAEHYUNG\AppData\Roaming\npm;%USERPROFILE%\AppData\Local\Microsoft\WindowsApps;;C:\Users\JEON_JAEHYUNG\Desktop;
USERNAME=FBI00689
OS=Windows_NT
PROCESSOR_IDENTIFIER=Intel64 Family 6 Model 165 Stepping 2, GenuineIntel



---------------  S Y S T E M  ---------------

OS:
 Windows 10 , 64 bit Build 19041 (10.0.19041.3155)
OS uptime: 29 days 7:52 hours

CPU: total 12 (initial active 12) (6 cores per cpu, 2 threads per core) family 6 model 165 stepping 2 microcode 0xf4, cmov, cx8, fxsr, mmx, sse, sse2, sse3, ssse3, sse4.1, sse4.2, popcnt, vzeroupper, avx, avx2, aes, clmul, erms, 3dnowpref, lzcnt, ht, tsc, tscinvbit, bmi1, bmi2, adx, fma, clflush, clflushopt

Memory: 4k page, system-wide physical 32369M (13493M free)
TotalPageFile size 50941M (AvailPageFile size 448M)
current process WorkingSet (physical memory assigned to process): 14M, peak: 14M
current process commit charge ("private bytes"): 66M, peak: 574M

vm_info: OpenJDK 64-Bit Server VM (15.0.2+7-27) for windows-amd64 JRE (15.0.2+7-27), built on Dec  7 2020 20:02:38 by "mach5one" with unknown MS VC++:1925

END.
